<?xml version="1.0" encoding="UTF-8"?>
<!-- Generated by org.testng.reporters.JUnitReportReporter -->
<testsuite hostname="ZSCHN01LP0024" failures="0" tests="1" name="com.practice.restassured.HelloRestAssured" time="1.720" errors="0" timestamp="15 Sep 2023 07:18:45 GMT" skipped="0">
  <testcase classname="com.practice.restassured.HelloRestAssured" name="signin" time="1.720"/>
</testsuite> <!-- com.practice.restassured.HelloRestAssured -->
