<?xml version="1.0" encoding="UTF-8"?>
<!-- Generated by org.testng.reporters.JUnitReportReporter -->
<testsuite hostname="ZSCHN01LP0024" failures="0" tests="4" name="com.practice.restassured.Reqres" time="5.496" errors="0" timestamp="15 Sep 2023 09:41:45 GMT" skipped="0">
  <testcase classname="com.practice.restassured.Reqres" name="succuessful_register" time="0.432"/>
  <testcase classname="com.practice.restassured.Reqres" name="unsuccessful_register" time="0.410"/>
  <testcase classname="com.practice.restassured.Reqres" name="list_user" time="0.177"/>
  <testcase classname="com.practice.restassured.Reqres" name="delayed_response" time="4.477"/>
</testsuite> <!-- com.practice.restassured.Reqres -->
